2026-04-15 05:48:43,577 INFO Query Q1, Cluster 1, variant 1: 18 tables
2026-04-15 05:48:43,578 INFO Perspective: Focus on relationships and comparisons across the data — what can be contrasted or correlated?
2026-04-15 05:48:43,578 INFO Query Q1, Cluster 1, variant 2: 18 tables
2026-04-15 05:48:43,584 INFO Perspective: Focus on trends and changes over time — what patterns or progressions does the data reveal?
2026-04-15 05:49:03,845 INFO DPR Q1_C1_v1: Create a cross-temporal analysis of International Cross Country Championships results from 1898 to 1933, comparing athlete rankings, nationalities, and race times across years to identify trends in competitive performance, dominant nations, and longitudinal consistency among participants.
2026-04-15 05:49:03,846 INFO Query Q1, Cluster 1, variant 3: 18 tables
2026-04-15 05:49:03,846 INFO Perspective: Focus on decision-making and actionability — what decisions or strategies could this data support?
2026-04-15 05:49:03,848 INFO DPR Q1_C1_v2: Create a historical comparative analysis of international cross-country championship winners, athletes, and nationalities from 1898 to 1933 to track longitudinal trends in athlete performance, country dominance, and evolutionary changes in competitive outcomes across the event's early decades.
2026-04-15 05:49:03,852 INFO Query Q1, Cluster 3, variant 1: 13 tables
2026-04-15 05:49:03,852 INFO Perspective: Focus on relationships and comparisons across the data — what can be contrasted or correlated?
2026-04-15 05:49:23,877 INFO DPR Q1_C1_v3: Create a self-contained dataset aggregating historical cross-country championship results (e.g., 1913, 1920, 1929) with athlete rankings, nationalities, and times, enabling historical performance analysis and strategic decision-making for sports administrators and analysts.
2026-04-15 05:49:23,879 INFO Query Q1, Cluster 3, variant 2: 13 tables
2026-04-15 05:49:23,881 INFO Perspective: Focus on trends and changes over time — what patterns or progressions does the data reveal?
2026-04-15 05:49:23,897 INFO DPR Q1_C3_v1: Create a data product comparing provincial representation in New Zealand rugby union tours (1884-1920) against match outcomes (win/loss/venue/score) to analyze performance trends by region over time.
2026-04-15 05:49:23,897 INFO Query Q1, Cluster 3, variant 3: 13 tables
2026-04-15 05:49:23,897 INFO Perspective: Focus on decision-making and actionability — what decisions or strategies could this data support?
2026-04-15 05:49:43,913 INFO DPR Q1_C3_v2: We need a data product that compiles historical results from International Cross-Country Championships over time, including winning countries/athletes, key performance metrics, and contextual details, to analyze trends and changes in competitive outcomes.
2026-04-15 05:49:43,914 INFO Query Q2, Cluster 1, variant 1: 18 tables
2026-04-15 05:49:43,914 INFO Perspective: Focus on relationships and comparisons across the data — what can be contrasted or correlated?
2026-04-15 05:49:43,923 INFO DPR Q1_C3_v3: Create a data product that aggregates historical sports tour data (including rival teams, match outcomes, and locations) alongside cross-country championship results to support strategic decision-making for international sports performance analysis.
2026-04-15 05:49:43,924 INFO Query Q2, Cluster 1, variant 2: 18 tables
2026-04-15 05:49:43,926 INFO Perspective: Focus on trends and changes over time — what patterns or progressions does the data reveal?
2026-04-15 05:50:03,953 INFO DPR Q2_C1_v1: Create a data product that consolidates athlete performance data from cross-country championships held between 1898 and 1933, enabling comparison of rankings, race times, and nationalities across events to identify individual career trajectories and cross-year competitive trends while excluding unrelated datasets like species lists or motor racing results.
2026-04-15 05:50:03,954 INFO Query Q2, Cluster 1, variant 3: 18 tables
2026-04-15 05:50:03,954 INFO Perspective: Focus on decision-making and actionability — what decisions or strategies could this data support?
2026-04-15 05:50:03,957 INFO DPR Q2_C1_v2: Create a longitudinal data product that consolidates cross-country athlete rankings, nationalities, and race times across 1898-1933 championships, analyzing performance trends, nationality shifts, and record improvements while linking team-point data from the 1929 event for holistic event evolution insights.
2026-04-15 05:50:03,964 INFO Query Q2, Cluster 10, variant 1: 3 tables
2026-04-15 05:50:03,964 INFO Perspective: Focus on relationships and comparisons across the data — what can be contrasted or correlated?
2026-04-15 05:50:23,978 INFO DPR Q2_C10_v1: Develop a data product that identifies athletes appearing in both 10,000m championship results and 100m barrier-breaking records, correlating their race times, event contexts (year, location), and performance progressions across events to analyze comparative success and event-specific strengths.
2026-04-15 05:50:23,978 INFO Query Q2, Cluster 10, variant 2: 3 tables
2026-04-15 05:50:23,978 INFO Perspective: Focus on trends and changes over time — what patterns or progressions does the data reveal?
2026-04-15 05:50:23,991 INFO DPR Q2_C1_v3: Create a unified historical performance database for cross-country athletes competing in International Cross Country Championships from 1898-1933, including standardized fields for athlete name, nationality, event year, rank, race time, and competition category, to enable comparative performance analysis and strategic talent development insights across different eras.
2026-04-15 05:50:23,991 INFO Query Q2, Cluster 10, variant 3: 3 tables
2026-04-15 05:50:23,992 INFO Perspective: Focus on decision-making and actionability — what decisions or strategies could this data support?
