2026-04-15 05:51:10,355 INFO Query Q1, Cluster 1, variant 1: 18 tables
2026-04-15 05:51:10,356 INFO Perspective: Focus on relationships and comparisons across the data — what can be contrasted or correlated?
2026-04-15 05:51:30,532 INFO DPR Q1_C1_v1: Create a cross-temporal analysis of International Cross Country Championships results from 1898 to 1933, comparing athlete rankings, nationalities, and race times across years to identify trends in competitive performance, dominant nations, and longitudinal consistency among participants.
2026-04-15 05:51:30,535 INFO Query Q1, Cluster 1, variant 2: 18 tables
2026-04-15 05:51:30,535 INFO Perspective: Focus on trends and changes over time — what patterns or progressions does the data reveal?
2026-04-15 05:51:50,588 INFO DPR Q1_C1_v2: Create a historical comparative analysis of international cross-country championship winners, athletes, and nationalities from 1898 to 1933 to track longitudinal trends in athlete performance, country dominance, and evolutionary changes in competitive outcomes across the event's early decades.
2026-04-15 05:51:50,592 INFO Query Q1, Cluster 1, variant 3: 18 tables
2026-04-15 05:51:50,592 INFO Perspective: Focus on decision-making and actionability — what decisions or strategies could this data support?
2026-04-15 05:52:10,687 INFO DPR Q1_C1_v3: Create a self-contained dataset aggregating historical cross-country championship results (e.g., 1913, 1920, 1929) with athlete rankings, nationalities, and times, enabling historical performance analysis and strategic decision-making for sports administrators and analysts.
2026-04-15 05:52:10,689 INFO Query Q1, Cluster 3, variant 1: 13 tables
2026-04-15 05:52:10,690 INFO Perspective: Focus on relationships and comparisons across the data — what can be contrasted or correlated?
2026-04-15 05:52:30,799 INFO DPR Q1_C3_v1: Create a data product comparing provincial representation in New Zealand rugby union tours (1884-1920) against match outcomes (win/loss/venue/score) to analyze performance trends by region over time.
2026-04-15 05:52:30,799 INFO Query Q1, Cluster 3, variant 2: 13 tables
2026-04-15 05:52:30,799 INFO Perspective: Focus on trends and changes over time — what patterns or progressions does the data reveal?
2026-04-15 05:52:50,849 INFO DPR Q1_C3_v2: We need a data product that compiles historical results from International Cross-Country Championships over time, including winning countries/athletes, key performance metrics, and contextual details, to analyze trends and changes in competitive outcomes.
2026-04-15 05:52:50,850 INFO Query Q1, Cluster 3, variant 3: 13 tables
2026-04-15 05:52:50,850 INFO Perspective: Focus on decision-making and actionability — what decisions or strategies could this data support?
2026-04-15 05:53:10,949 INFO DPR Q1_C3_v3: Create a data product that aggregates historical sports tour data (including rival teams, match outcomes, and locations) alongside cross-country championship results to support strategic decision-making for international sports performance analysis.
2026-04-15 05:53:10,949 INFO Query Q2, Cluster 1, variant 1: 18 tables
2026-04-15 05:53:10,949 INFO Perspective: Focus on relationships and comparisons across the data — what can be contrasted or correlated?
2026-04-15 05:53:31,026 INFO DPR Q2_C1_v1: Create a data product that consolidates athlete performance data from cross-country championships held between 1898 and 1933, enabling comparison of rankings, race times, and nationalities across events to identify individual career trajectories and cross-year competitive trends while excluding unrelated datasets like species lists or motor racing results.
2026-04-15 05:53:31,026 INFO Query Q2, Cluster 1, variant 2: 18 tables
2026-04-15 05:53:31,026 INFO Perspective: Focus on trends and changes over time — what patterns or progressions does the data reveal?
2026-04-15 05:53:51,171 INFO DPR Q2_C1_v2: Create a longitudinal data product that consolidates cross-country athlete rankings, nationalities, and race times across 1898-1933 championships, analyzing performance trends, nationality shifts, and record improvements while linking team-point data from the 1929 event for holistic event evolution insights.
2026-04-15 05:53:51,171 INFO Query Q2, Cluster 1, variant 3: 18 tables
2026-04-15 05:53:51,172 INFO Perspective: Focus on decision-making and actionability — what decisions or strategies could this data support?
2026-04-15 05:54:11,255 INFO DPR Q2_C1_v3: Create a unified historical performance database for cross-country athletes competing in International Cross Country Championships from 1898-1933, including standardized fields for athlete name, nationality, event year, rank, race time, and competition category, to enable comparative performance analysis and strategic talent development insights across different eras.
2026-04-15 05:54:11,256 INFO Query Q2, Cluster 10, variant 1: 3 tables
2026-04-15 05:54:11,256 INFO Perspective: Focus on relationships and comparisons across the data — what can be contrasted or correlated?
2026-04-15 05:54:31,324 INFO DPR Q2_C10_v1: Develop a data product that identifies athletes appearing in both 10,000m championship results and 100m barrier-breaking records, correlating their race times, event contexts (year, location), and performance progressions across events to analyze comparative success and event-specific strengths.
2026-04-15 05:54:31,324 INFO Query Q2, Cluster 10, variant 2: 3 tables
2026-04-15 05:54:31,324 INFO Perspective: Focus on trends and changes over time — what patterns or progressions does the data reveal?
2026-04-15 05:54:53,271 INFO DPR Q2_C10_v2: Create a timeline-based data product showing the progression of 10,000m race times, 100m 10-second barrier breaks, and athlete rankings over time, highlighting changes in performance trends, dominant athletes, and event locations where milestones were achieved.
2026-04-15 05:54:53,271 INFO Query Q2, Cluster 10, variant 3: 3 tables
2026-04-15 05:54:53,272 INFO Perspective: Focus on decision-making and actionability — what decisions or strategies could this data support?
2026-04-15 05:55:13,312 INFO DPR Q2_C10_v3: Develop a data product that consolidates 10,000m championship results and 100m barrier-break records into a unified athlete performance dashboard, enabling coaches and analysts to identify top-performing athletes who excel across events, track their progression over time, and compare race times and achievements within their respective competitions to inform training and strategic adjustments.
2026-04-15 05:55:13,312 INFO Query Q2, Cluster 9, variant 1: 5 tables
2026-04-15 05:55:13,314 INFO Perspective: Focus on relationships and comparisons across the data — what can be contrasted or correlated?
2026-04-15 05:55:33,486 INFO DPR Q2_C9_v1: Create a data product that links athlete performances across 110m hurdles and 1500m events by integrating time, athlete names, and event context data to compare rankings, track improvements, and identify correlations in athletic achievements between hurdle and long-distance events.
2026-04-15 05:55:33,486 INFO Query Q2, Cluster 9, variant 2: 5 tables
2026-04-15 05:55:33,487 INFO Perspective: Focus on trends and changes over time — what patterns or progressions does the data reveal?
2026-04-15 05:55:53,532 INFO DPR Q2_C9_v2: "Provide a historical progression analysis of athletes’ times in 110m hurdles and 1500m world records, highlighting trends in performance improvements, record-setting frequency, and event-specific achievements by year or decade."
2026-04-15 05:55:53,532 INFO Query Q2, Cluster 9, variant 3: 5 tables
2026-04-15 05:55:53,533 INFO Perspective: Focus on decision-making and actionability — what decisions or strategies could this data support?
2026-04-15 05:56:15,991 INFO DPR Q2_C9_v3: Provide a unified data product that links athletes' historical performances across track events (e.g., 110m hurdles and 1500m records), summarizing their progression over time, contextualizing race outcomes (e.g., location and date), and enabling strategic decisions for performance optimization or talent development.
2026-04-15 05:56:15,991 INFO Query Q3, Cluster 1, variant 1: 18 tables
2026-04-15 05:56:15,992 INFO Perspective: Focus on relationships and comparisons across the data — what can be contrasted or correlated?
2026-04-15 05:56:36,519 INFO DPR Q3_C1_v1: Compare athlete rankings and race times across the International Cross Country Championships from 1898 to 1933 to analyze how success metrics (individual rankings, team points, historical progression) evolve over time and vary between events.
2026-04-15 05:56:36,519 INFO Query Q3, Cluster 1, variant 2: 18 tables
2026-04-15 05:56:36,524 INFO Perspective: Focus on trends and changes over time — what patterns or progressions does the data reveal?
2026-04-15 05:56:58,345 INFO DPR Q3_C1_v2: A data product analyzing historical trends in athlete rankings and cross country race times from 1898–1933 to quantify shifts in competitive performance metrics over time.
2026-04-15 05:56:58,346 INFO Query Q3, Cluster 1, variant 3: 18 tables
2026-04-15 05:56:58,346 INFO Perspective: Focus on decision-making and actionability — what decisions or strategies could this data support?
2026-04-15 05:57:18,422 INFO DPR Q3_C1_v3: Create a reusable data product that aggregates and analyzes historical rankings, times, and athlete nationalities from the International Cross Country Championships (1898–1933) to identify trends in competitive performance and national dominance, enabling data-driven decisions for sports history research and event strategy comparisons.
2026-04-15 05:57:18,422 INFO Query Q3, Cluster 5, variant 1: 9 tables
2026-04-15 05:57:18,424 INFO Perspective: Focus on relationships and comparisons across the data — what can be contrasted or correlated?
2026-04-15 05:57:40,853 INFO DPR Q3_C5_v1: Create a data product that enables comparative analysis of film financial success metrics (revenue, admissions, box office gross) against music industry career milestones and chart rankings, using aligned timeframes and cross-industry performance indicators.
2026-04-15 05:57:40,854 INFO Query Q3, Cluster 5, variant 2: 9 tables
2026-04-15 05:57:40,854 INFO Perspective: Focus on trends and changes over time — what patterns or progressions does the data reveal?
2026-04-15 05:58:00,906 INFO DPR Q3_C5_v2: Develop a time-series analysis of film industry success metrics (revenue, admissions, rankings) from 1954–1974 to identify trends in financial performance and market reception, using provided historical film datasets as the foundation.
2026-04-15 05:58:00,907 INFO Query Q3, Cluster 5, variant 3: 9 tables
2026-04-15 05:58:00,907 INFO Perspective: Focus on decision-making and actionability — what decisions or strategies could this data support?
2026-04-15 05:58:20,983 INFO DPR Q3_C5_v3: A data product that consolidates and compares success metrics across entertainment industries, combining film revenue/admissions data from 1974 film rankings with music chart rankings from 1970 country music singles, enabling cross-industry analysis for strategic investment decisions.
2026-04-15 05:58:20,983 INFO Query Q3, Cluster 10, variant 1: 3 tables
2026-04-15 05:58:20,983 INFO Perspective: Focus on relationships and comparisons across the data — what can be contrasted or correlated?
2026-04-15 05:58:41,050 INFO DPR Q3_C10_v1: Develop a data product that integrates athlete performance metrics (race times, milestones, and geographical context from sports events) and film industry success indicators (revenue, admissions) to enable comparative analysis of historical achievements and temporal progression across both domains.
2026-04-15 05:58:41,050 INFO Query Q3, Cluster 10, variant 2: 3 tables
2026-04-15 05:58:41,050 INFO Perspective: Focus on trends and changes over time — what patterns or progressions does the data reveal?
2026-04-15 05:59:01,096 INFO DPR Q3_C10_v2: Create a data product that combines historical 10,000m race times and 10-second barrier record-breakings with film industry box office revenue metrics, enabling analysis of how athletic performance trends correlate with shifts in movie industry financial success over time.
2026-04-15 05:59:01,096 INFO Query Q3, Cluster 10, variant 3: 3 tables
2026-04-15 05:59:01,097 INFO Perspective: Focus on decision-making and actionability — what decisions or strategies could this data support?
2026-04-15 05:59:21,118 INFO DPR Q3_C10_v3: Create a comparative dashboard showing trends in sports performance (e.g., 10,000m race times, 10-second barrier milestones) alongside aggregated movie industry benchmarks (revenue, admissions) to support cross-industry performance analysis and resource allocation decisions.
